<?xml version="1.0" encoding="UTF-8"?>
<!-- Generated by org.testng.reporters.JUnitXMLReporter -->
<testsuite ignored="0" hostname="DESKTOP-IKAR8UA" failures="1" tests="1" name="TestTitle" time="3.505" errors="0" timestamp="2021-09-24T17:34:24 IST">
  <testcase classname="Academy.E2EProject.ValidateTitle" name="ValidateTitle" time="0.005">
    <failure type="java.lang.AssertionError">
      <![CDATA[java.lang.AssertionError
at org.junit.Assert.fail(Assert.java:86)
at org.junit.Assert.assertTrue(Assert.java:41)
at org.junit.Assert.assertTrue(Assert.java:52)
at Academy.E2EProject.ValidateTitle.ValidateTitle(ValidateTitle.java:27)
at java.base/java.util.ArrayList.forEach(ArrayList.java:1511)
... Removed 27 stack frames]]>
    </failure>
  </testcase> <!-- ValidateTitle -->
</testsuite> <!-- TestTitle -->
