<?xml version="1.0" encoding="UTF-8"?>
<testng-results ignored="0" total="11" passed="10" failed="1" skipped="0">
  <reporter-output>
  </reporter-output>
  <suite started-at="2021-09-25T22:38:20 IST" name="Suite" finished-at="2021-09-25T22:40:33 IST" duration-ms="132896">
    <groups>
      <group name="cucumber">
        <method signature="AbstractTestNGCucumberTests.runScenario(io.cucumber.testng.PickleWrapper,io.cucumber.testng.FeatureWrapper)[pri:0, instance:cucumberOptions.TestRunner@3c77d488]" name="runScenario" class="io.cucumber.testng.AbstractTestNGCucumberTests"/>
      </group> <!-- cucumber -->
    </groups>
    <test started-at="2021-09-25T22:38:20 IST" name="Test" finished-at="2021-09-25T22:40:33 IST" duration-ms="132896">
      <class name="cucumberOptions.TestRunner">
        <test-method is-config="true" signature="setUpClass()[pri:0, instance:cucumberOptions.TestRunner@3c77d488]" started-at="2021-09-25T22:38:20 IST" name="setUpClass" finished-at="2021-09-25T22:38:20 IST" duration-ms="542" status="PASS">
          <reporter-output>
          </reporter-output>
        </test-method> <!-- setUpClass -->
        <test-method signature="runScenario(io.cucumber.testng.PickleWrapper,io.cucumber.testng.FeatureWrapper)[pri:0, instance:cucumberOptions.TestRunner@3c77d488]" started-at="2021-09-25T22:38:20 IST" name="runScenario" description="Runs Cucumber Scenarios" data-provider="scenarios" finished-at="2021-09-25T22:38:43 IST" duration-ms="22170" status="PASS">
          <params>
            <param index="0">
              <value>
                <![CDATA["Verify Add to cart of site"]]>
              </value>
            </param>
            <param index="1">
              <value>
                <![CDATA["Optional[Validate Cart]"]]>
              </value>
            </param>
          </params>
          <reporter-output>
          </reporter-output>
        </test-method> <!-- runScenario -->
        <test-method signature="runScenario(io.cucumber.testng.PickleWrapper,io.cucumber.testng.FeatureWrapper)[pri:0, instance:cucumberOptions.TestRunner@3c77d488]" started-at="2021-09-25T22:38:43 IST" name="runScenario" description="Runs Cucumber Scenarios" data-provider="scenarios" finished-at="2021-09-25T22:38:58 IST" duration-ms="15527" status="PASS">
          <params>
            <param index="0">
              <value>
                <![CDATA["Verify Change in price according to size"]]>
              </value>
            </param>
            <param index="1">
              <value>
                <![CDATA["Optional[Validate ChangeInPrice]"]]>
              </value>
            </param>
          </params>
          <reporter-output>
          </reporter-output>
        </test-method> <!-- runScenario -->
        <test-method signature="runScenario(io.cucumber.testng.PickleWrapper,io.cucumber.testng.FeatureWrapper)[pri:0, instance:cucumberOptions.TestRunner@3c77d488]" started-at="2021-09-25T22:38:58 IST" name="runScenario" description="Runs Cucumber Scenarios" data-provider="scenarios" finished-at="2021-09-25T22:39:14 IST" duration-ms="16297" status="PASS">
          <params>
            <param index="0">
              <value>
                <![CDATA["Verify DeliveryDate feature"]]>
              </value>
            </param>
            <param index="1">
              <value>
                <![CDATA["Optional[Validate DeliveryDate]"]]>
              </value>
            </param>
          </params>
          <reporter-output>
          </reporter-output>
        </test-method> <!-- runScenario -->
        <test-method signature="runScenario(io.cucumber.testng.PickleWrapper,io.cucumber.testng.FeatureWrapper)[pri:0, instance:cucumberOptions.TestRunner@3c77d488]" started-at="2021-09-25T22:39:14 IST" name="runScenario" description="Runs Cucumber Scenarios" data-provider="scenarios" finished-at="2021-09-25T22:39:22 IST" duration-ms="7527" status="PASS">
          <params>
            <param index="0">
              <value>
                <![CDATA["Verify dropdown of site"]]>
              </value>
            </param>
            <param index="1">
              <value>
                <![CDATA["Optional[Validate dropdown]"]]>
              </value>
            </param>
          </params>
          <reporter-output>
          </reporter-output>
        </test-method> <!-- runScenario -->
        <test-method signature="runScenario(io.cucumber.testng.PickleWrapper,io.cucumber.testng.FeatureWrapper)[pri:0, instance:cucumberOptions.TestRunner@3c77d488]" started-at="2021-09-25T22:39:22 IST" name="runScenario" description="Runs Cucumber Scenarios" data-provider="scenarios" finished-at="2021-09-25T22:39:29 IST" duration-ms="6581" status="FAIL">
          <params>
            <param index="0">
              <value>
                <![CDATA["Verify login feature of site"]]>
              </value>
            </param>
            <param index="1">
              <value>
                <![CDATA["Optional[Validate Login]"]]>
              </value>
            </param>
          </params>
          <exception class="java.lang.AssertionError">
            <full-stacktrace>
              <![CDATA[java.lang.AssertionError
at org.junit.Assert.fail(Assert.java:86)
at org.junit.Assert.assertTrue(Assert.java:41)
at org.junit.Assert.assertTrue(Assert.java:52)
at stepDefinitions.stepDefinition.verify_whether_login_feature_is_working(stepDefinition.java:416)
at ✽.verify whether login feature is working(file:///C:/Users/User/eclipse-workspace/Comprehensive%20Assessment%20Cucumber%20framework/src/test/java/features/ValidateLogin.feature:8)
]]>
            </full-stacktrace>
          </exception> <!-- java.lang.AssertionError -->
          <reporter-output>
          </reporter-output>
        </test-method> <!-- runScenario -->
        <test-method signature="runScenario(io.cucumber.testng.PickleWrapper,io.cucumber.testng.FeatureWrapper)[pri:0, instance:cucumberOptions.TestRunner@3c77d488]" started-at="2021-09-25T22:39:29 IST" name="runScenario" description="Runs Cucumber Scenarios" data-provider="scenarios" finished-at="2021-09-25T22:39:42 IST" duration-ms="13044" status="PASS">
          <params>
            <param index="0">
              <value>
                <![CDATA["Verify Navigations of site"]]>
              </value>
            </param>
            <param index="1">
              <value>
                <![CDATA["Optional[Validate Nav]"]]>
              </value>
            </param>
          </params>
          <reporter-output>
          </reporter-output>
        </test-method> <!-- runScenario -->
        <test-method signature="runScenario(io.cucumber.testng.PickleWrapper,io.cucumber.testng.FeatureWrapper)[pri:0, instance:cucumberOptions.TestRunner@3c77d488]" started-at="2021-09-25T22:39:42 IST" name="runScenario" description="Runs Cucumber Scenarios" data-provider="scenarios" finished-at="2021-09-25T22:39:50 IST" duration-ms="7838" status="PASS">
          <params>
            <param index="0">
              <value>
                <![CDATA["Verify Track order feature"]]>
              </value>
            </param>
            <param index="1">
              <value>
                <![CDATA["Optional[Validate Order]"]]>
              </value>
            </param>
          </params>
          <reporter-output>
          </reporter-output>
        </test-method> <!-- runScenario -->
        <test-method signature="runScenario(io.cucumber.testng.PickleWrapper,io.cucumber.testng.FeatureWrapper)[pri:0, instance:cucumberOptions.TestRunner@3c77d488]" started-at="2021-09-25T22:39:50 IST" name="runScenario" description="Runs Cucumber Scenarios" data-provider="scenarios" finished-at="2021-09-25T22:40:01 IST" duration-ms="11202" status="PASS">
          <params>
            <param index="0">
              <value>
                <![CDATA["Verify search feature of site"]]>
              </value>
            </param>
            <param index="1">
              <value>
                <![CDATA["Optional[Validate SofaSearch]"]]>
              </value>
            </param>
          </params>
          <reporter-output>
          </reporter-output>
        </test-method> <!-- runScenario -->
        <test-method signature="runScenario(io.cucumber.testng.PickleWrapper,io.cucumber.testng.FeatureWrapper)[pri:0, instance:cucumberOptions.TestRunner@3c77d488]" started-at="2021-09-25T22:40:01 IST" name="runScenario" description="Runs Cucumber Scenarios" data-provider="scenarios" finished-at="2021-09-25T22:40:13 IST" duration-ms="11429" status="PASS">
          <params>
            <param index="0">
              <value>
                <![CDATA["Verify Subscription of site"]]>
              </value>
            </param>
            <param index="1">
              <value>
                <![CDATA["Optional[Validate Subscription]"]]>
              </value>
            </param>
          </params>
          <reporter-output>
          </reporter-output>
        </test-method> <!-- runScenario -->
        <test-method signature="runScenario(io.cucumber.testng.PickleWrapper,io.cucumber.testng.FeatureWrapper)[pri:0, instance:cucumberOptions.TestRunner@3c77d488]" started-at="2021-09-25T22:40:13 IST" name="runScenario" description="Runs Cucumber Scenarios" data-provider="scenarios" finished-at="2021-09-25T22:40:17 IST" duration-ms="4147" status="PASS">
          <params>
            <param index="0">
              <value>
                <![CDATA["Verify title of site"]]>
              </value>
            </param>
            <param index="1">
              <value>
                <![CDATA["Optional[Validate Title]"]]>
              </value>
            </param>
          </params>
          <reporter-output>
          </reporter-output>
        </test-method> <!-- runScenario -->
        <test-method signature="runScenario(io.cucumber.testng.PickleWrapper,io.cucumber.testng.FeatureWrapper)[pri:0, instance:cucumberOptions.TestRunner@3c77d488]" started-at="2021-09-25T22:40:17 IST" name="runScenario" description="Runs Cucumber Scenarios" data-provider="scenarios" finished-at="2021-09-25T22:40:33 IST" duration-ms="15852" status="PASS">
          <params>
            <param index="0">
              <value>
                <![CDATA["Verify Change in price according to size"]]>
              </value>
            </param>
            <param index="1">
              <value>
                <![CDATA["Optional[Validate ChangeInPrice]"]]>
              </value>
            </param>
          </params>
          <reporter-output>
          </reporter-output>
        </test-method> <!-- runScenario -->
        <test-method is-config="true" signature="tearDownClass()[pri:0, instance:cucumberOptions.TestRunner@3c77d488]" started-at="2021-09-25T22:40:33 IST" name="tearDownClass" finished-at="2021-09-25T22:40:33 IST" duration-ms="13" status="PASS">
          <reporter-output>
          </reporter-output>
        </test-method> <!-- tearDownClass -->
      </class> <!-- cucumberOptions.TestRunner -->
    </test> <!-- Test -->
  </suite> <!-- Suite -->
</testng-results>
