<?xml version="1.0" encoding="UTF-8"?>
<testng-results ignored="0" total="10" passed="9" failed="1" skipped="0">
  <reporter-output>
  </reporter-output>
  <suite started-at="2021-09-24T20:10:03 IST" name="Suite" finished-at="2021-09-24T20:11:58 IST" duration-ms="115083">
    <groups>
      <group name="cucumber">
        <method signature="AbstractTestNGCucumberTests.runScenario(io.cucumber.testng.PickleWrapper,io.cucumber.testng.FeatureWrapper)[pri:0, instance:cucumberOptions.TestRunner@1283bb96]" name="runScenario" class="io.cucumber.testng.AbstractTestNGCucumberTests"/>
      </group> <!-- cucumber -->
    </groups>
    <test started-at="2021-09-24T20:10:03 IST" name="Test" finished-at="2021-09-24T20:11:58 IST" duration-ms="115083">
      <class name="cucumberOptions.TestRunner">
        <test-method is-config="true" signature="setUpClass()[pri:0, instance:cucumberOptions.TestRunner@1283bb96]" started-at="2021-09-24T20:10:03 IST" name="setUpClass" finished-at="2021-09-24T20:10:03 IST" duration-ms="334" status="PASS">
          <reporter-output>
          </reporter-output>
        </test-method> <!-- setUpClass -->
        <test-method signature="runScenario(io.cucumber.testng.PickleWrapper,io.cucumber.testng.FeatureWrapper)[pri:0, instance:cucumberOptions.TestRunner@1283bb96]" started-at="2021-09-24T20:10:03 IST" name="runScenario" description="Runs Cucumber Scenarios" data-provider="scenarios" finished-at="2021-09-24T20:10:19 IST" duration-ms="16077" status="PASS">
          <params>
            <param index="0">
              <value>
                <![CDATA["Verify Add to cart of site"]]>
              </value>
            </param>
            <param index="1">
              <value>
                <![CDATA["Optional[Validate Cart]"]]>
              </value>
            </param>
          </params>
          <reporter-output>
          </reporter-output>
        </test-method> <!-- runScenario -->
        <test-method signature="runScenario(io.cucumber.testng.PickleWrapper,io.cucumber.testng.FeatureWrapper)[pri:0, instance:cucumberOptions.TestRunner@1283bb96]" started-at="2021-09-24T20:10:19 IST" name="runScenario" description="Runs Cucumber Scenarios" data-provider="scenarios" finished-at="2021-09-24T20:10:32 IST" duration-ms="12943" status="PASS">
          <params>
            <param index="0">
              <value>
                <![CDATA["Verify Change in price according to size"]]>
              </value>
            </param>
            <param index="1">
              <value>
                <![CDATA["Optional[Validate ChangeInPrice]"]]>
              </value>
            </param>
          </params>
          <reporter-output>
          </reporter-output>
        </test-method> <!-- runScenario -->
        <test-method signature="runScenario(io.cucumber.testng.PickleWrapper,io.cucumber.testng.FeatureWrapper)[pri:0, instance:cucumberOptions.TestRunner@1283bb96]" started-at="2021-09-24T20:10:32 IST" name="runScenario" description="Runs Cucumber Scenarios" data-provider="scenarios" finished-at="2021-09-24T20:10:44 IST" duration-ms="12280" status="PASS">
          <params>
            <param index="0">
              <value>
                <![CDATA["Verify DeliveryDate feature"]]>
              </value>
            </param>
            <param index="1">
              <value>
                <![CDATA["Optional[Validate DeliveryDate]"]]>
              </value>
            </param>
          </params>
          <reporter-output>
          </reporter-output>
        </test-method> <!-- runScenario -->
        <test-method signature="runScenario(io.cucumber.testng.PickleWrapper,io.cucumber.testng.FeatureWrapper)[pri:0, instance:cucumberOptions.TestRunner@1283bb96]" started-at="2021-09-24T20:10:44 IST" name="runScenario" description="Runs Cucumber Scenarios" data-provider="scenarios" finished-at="2021-09-24T20:10:56 IST" duration-ms="11512" status="PASS">
          <params>
            <param index="0">
              <value>
                <![CDATA["Verify dropdown of site"]]>
              </value>
            </param>
            <param index="1">
              <value>
                <![CDATA["Optional[Validate dropdown]"]]>
              </value>
            </param>
          </params>
          <reporter-output>
          </reporter-output>
        </test-method> <!-- runScenario -->
        <test-method signature="runScenario(io.cucumber.testng.PickleWrapper,io.cucumber.testng.FeatureWrapper)[pri:0, instance:cucumberOptions.TestRunner@1283bb96]" started-at="2021-09-24T20:10:56 IST" name="runScenario" description="Runs Cucumber Scenarios" data-provider="scenarios" finished-at="2021-09-24T20:11:17 IST" duration-ms="20723" status="PASS">
          <params>
            <param index="0">
              <value>
                <![CDATA["Verify Navigations of site"]]>
              </value>
            </param>
            <param index="1">
              <value>
                <![CDATA["Optional[Validate Nav]"]]>
              </value>
            </param>
          </params>
          <reporter-output>
          </reporter-output>
        </test-method> <!-- runScenario -->
        <test-method signature="runScenario(io.cucumber.testng.PickleWrapper,io.cucumber.testng.FeatureWrapper)[pri:0, instance:cucumberOptions.TestRunner@1283bb96]" started-at="2021-09-24T20:11:17 IST" name="runScenario" description="Runs Cucumber Scenarios" data-provider="scenarios" finished-at="2021-09-24T20:11:22 IST" duration-ms="5722" status="PASS">
          <params>
            <param index="0">
              <value>
                <![CDATA["Verify Track order feature"]]>
              </value>
            </param>
            <param index="1">
              <value>
                <![CDATA["Optional[Validate Order]"]]>
              </value>
            </param>
          </params>
          <reporter-output>
          </reporter-output>
        </test-method> <!-- runScenario -->
        <test-method signature="runScenario(io.cucumber.testng.PickleWrapper,io.cucumber.testng.FeatureWrapper)[pri:0, instance:cucumberOptions.TestRunner@1283bb96]" started-at="2021-09-24T20:11:22 IST" name="runScenario" description="Runs Cucumber Scenarios" data-provider="scenarios" finished-at="2021-09-24T20:11:31 IST" duration-ms="8906" status="PASS">
          <params>
            <param index="0">
              <value>
                <![CDATA["Verify search feature of site"]]>
              </value>
            </param>
            <param index="1">
              <value>
                <![CDATA["Optional[Validate SofaSearch]"]]>
              </value>
            </param>
          </params>
          <reporter-output>
          </reporter-output>
        </test-method> <!-- runScenario -->
        <test-method signature="runScenario(io.cucumber.testng.PickleWrapper,io.cucumber.testng.FeatureWrapper)[pri:0, instance:cucumberOptions.TestRunner@1283bb96]" started-at="2021-09-24T20:11:31 IST" name="runScenario" description="Runs Cucumber Scenarios" data-provider="scenarios" finished-at="2021-09-24T20:11:40 IST" duration-ms="8901" status="PASS">
          <params>
            <param index="0">
              <value>
                <![CDATA["Verify Subscription of site"]]>
              </value>
            </param>
            <param index="1">
              <value>
                <![CDATA["Optional[Validate Subscription]"]]>
              </value>
            </param>
          </params>
          <reporter-output>
          </reporter-output>
        </test-method> <!-- runScenario -->
        <test-method signature="runScenario(io.cucumber.testng.PickleWrapper,io.cucumber.testng.FeatureWrapper)[pri:0, instance:cucumberOptions.TestRunner@1283bb96]" started-at="2021-09-24T20:11:40 IST" name="runScenario" description="Runs Cucumber Scenarios" data-provider="scenarios" finished-at="2021-09-24T20:11:43 IST" duration-ms="2811" status="FAIL">
          <params>
            <param index="0">
              <value>
                <![CDATA["Verify title of site"]]>
              </value>
            </param>
            <param index="1">
              <value>
                <![CDATA["Optional[Validate Title]"]]>
              </value>
            </param>
          </params>
          <exception class="java.lang.AssertionError">
            <full-stacktrace>
              <![CDATA[java.lang.AssertionError
at org.junit.Assert.fail(Assert.java:86)
at org.junit.Assert.assertTrue(Assert.java:41)
at org.junit.Assert.assertTrue(Assert.java:52)
at stepDefinitions.stepDefinition.you_reach_site_get_the_title_of_the_site(stepDefinition.java:51)
at ✽.You reach site get the title of the site(file:///C:/Users/Lakshay/eclipse-workspace/Comprehensive%20AssessmentCucumber/src/test/java/features/ValidateTitle.feature:6)
]]>
            </full-stacktrace>
          </exception> <!-- java.lang.AssertionError -->
          <reporter-output>
          </reporter-output>
        </test-method> <!-- runScenario -->
        <test-method signature="runScenario(io.cucumber.testng.PickleWrapper,io.cucumber.testng.FeatureWrapper)[pri:0, instance:cucumberOptions.TestRunner@1283bb96]" started-at="2021-09-24T20:11:43 IST" name="runScenario" description="Runs Cucumber Scenarios" data-provider="scenarios" finished-at="2021-09-24T20:11:58 IST" duration-ms="14250" status="PASS">
          <params>
            <param index="0">
              <value>
                <![CDATA["Verify Change in price according to size"]]>
              </value>
            </param>
            <param index="1">
              <value>
                <![CDATA["Optional[Validate ChangeInPrice]"]]>
              </value>
            </param>
          </params>
          <reporter-output>
          </reporter-output>
        </test-method> <!-- runScenario -->
        <test-method is-config="true" signature="tearDownClass()[pri:0, instance:cucumberOptions.TestRunner@1283bb96]" started-at="2021-09-24T20:11:58 IST" name="tearDownClass" finished-at="2021-09-24T20:11:58 IST" duration-ms="42" status="PASS">
          <reporter-output>
          </reporter-output>
        </test-method> <!-- tearDownClass -->
      </class> <!-- cucumberOptions.TestRunner -->
    </test> <!-- Test -->
  </suite> <!-- Suite -->
</testng-results>
