<?xml version="1.0" encoding="UTF-8"?>
<!-- Generated by org.testng.reporters.JUnitXMLReporter -->
<testsuite ignored="0" hostname="DESKTOP-IKAR8UA" failures="1" tests="1" name="TitleTest" time="9.68" errors="0" timestamp="2021-09-23T15:57:48 IST">
  <testcase classname="Academy.E2EProject.ValidateTitle" name="ValidateTitleName" time="0.028">
    <failure type="org.junit.ComparisonFailure" message="expected:&amp;lt;FEATUR[]ED COURSES&amp;gt; but was:&amp;lt;FEATUR[3]ED COURSES&amp;gt;">
      <![CDATA[org.junit.ComparisonFailure: expected:<FEATUR[]ED COURSES> but was:<FEATUR[3]ED COURSES>
at org.junit.Assert.assertEquals(Assert.java:115)
at org.junit.Assert.assertEquals(Assert.java:144)
at Academy.E2EProject.ValidateTitle.ValidateTitleName(ValidateTitle.java:35)
at java.base/java.util.ArrayList.forEach(ArrayList.java:1511)
... Removed 27 stack frames]]>
    </failure>
  </testcase> <!-- ValidateTitleName -->
</testsuite> <!-- TitleTest -->
