<?xml version="1.0" encoding="UTF-8"?>
<testng-results ignored="0" total="11" passed="10" failed="1" skipped="0">
  <reporter-output>
  </reporter-output>
  <suite started-at="2021-09-25T22:34:41 IST" name="Suite" finished-at="2021-09-25T22:37:03 IST" duration-ms="142685">
    <groups>
    </groups>
    <test started-at="2021-09-25T22:34:41 IST" name="TestNav" finished-at="2021-09-25T22:34:50 IST" duration-ms="9836">
      <class name="Academy.E2EProject.ValidateNav">
        <test-method is-config="true" signature="bt()[pri:0, instance:Academy.E2EProject.ValidateNav@2cb3d0f7]" started-at="2021-09-25T22:34:41 IST" name="bt" finished-at="2021-09-25T22:34:45 IST" duration-ms="4456" status="PASS">
          <reporter-output>
          </reporter-output>
        </test-method> <!-- bt -->
        <test-method signature="ValidateNav()[pri:0, instance:Academy.E2EProject.ValidateNav@2cb3d0f7]" started-at="2021-09-25T22:34:45 IST" name="ValidateNav" finished-at="2021-09-25T22:34:50 IST" duration-ms="4483" status="PASS">
          <reporter-output>
          </reporter-output>
        </test-method> <!-- ValidateNav -->
        <test-method is-config="true" signature="at()[pri:0, instance:Academy.E2EProject.ValidateNav@2cb3d0f7]" started-at="2021-09-25T22:34:50 IST" name="at" finished-at="2021-09-25T22:34:50 IST" duration-ms="823" status="PASS">
          <reporter-output>
          </reporter-output>
        </test-method> <!-- at -->
      </class> <!-- Academy.E2EProject.ValidateNav -->
    </test> <!-- TestNav -->
    <test started-at="2021-09-25T22:34:50 IST" name="TestCart" finished-at="2021-09-25T22:35:14 IST" duration-ms="23254">
      <class name="Academy.E2EProject.ValidateCart">
        <test-method is-config="true" signature="bt()[pri:0, instance:Academy.E2EProject.ValidateCart@107ed6fc]" started-at="2021-09-25T22:34:50 IST" name="bt" finished-at="2021-09-25T22:34:54 IST" duration-ms="3296" status="PASS">
          <reporter-output>
          </reporter-output>
        </test-method> <!-- bt -->
        <test-method signature="ValidateCart()[pri:0, instance:Academy.E2EProject.ValidateCart@107ed6fc]" started-at="2021-09-25T22:34:54 IST" name="ValidateCart" finished-at="2021-09-25T22:35:13 IST" duration-ms="19091" status="PASS">
          <reporter-output>
          </reporter-output>
        </test-method> <!-- ValidateCart -->
        <test-method is-config="true" signature="at()[pri:0, instance:Academy.E2EProject.ValidateCart@107ed6fc]" started-at="2021-09-25T22:35:13 IST" name="at" finished-at="2021-09-25T22:35:14 IST" duration-ms="860" status="PASS">
          <reporter-output>
          </reporter-output>
        </test-method> <!-- at -->
      </class> <!-- Academy.E2EProject.ValidateCart -->
    </test> <!-- TestCart -->
    <test started-at="2021-09-25T22:35:14 IST" name="TestChangeInPrice" finished-at="2021-09-25T22:35:33 IST" duration-ms="19657">
      <class name="Academy.E2EProject.ValidateChangeInPrice">
        <test-method is-config="true" signature="bt()[pri:0, instance:Academy.E2EProject.ValidateChangeInPrice@297ea53a]" started-at="2021-09-25T22:35:14 IST" name="bt" finished-at="2021-09-25T22:35:17 IST" duration-ms="3394" status="PASS">
          <reporter-output>
          </reporter-output>
        </test-method> <!-- bt -->
        <test-method signature="ValidateChangeInPrice()[pri:0, instance:Academy.E2EProject.ValidateChangeInPrice@297ea53a]" started-at="2021-09-25T22:35:17 IST" name="ValidateChangeInPrice" finished-at="2021-09-25T22:35:33 IST" duration-ms="15497" status="PASS">
          <reporter-output>
          </reporter-output>
        </test-method> <!-- ValidateChangeInPrice -->
        <test-method is-config="true" signature="at()[pri:0, instance:Academy.E2EProject.ValidateChangeInPrice@297ea53a]" started-at="2021-09-25T22:35:33 IST" name="at" finished-at="2021-09-25T22:35:33 IST" duration-ms="762" status="PASS">
          <reporter-output>
          </reporter-output>
        </test-method> <!-- at -->
      </class> <!-- Academy.E2EProject.ValidateChangeInPrice -->
    </test> <!-- TestChangeInPrice -->
    <test started-at="2021-09-25T22:35:33 IST" name="TestDeliveryDate" finished-at="2021-09-25T22:35:48 IST" duration-ms="14483">
      <class name="Academy.E2EProject.ValidateDeliveryDate">
        <test-method is-config="true" signature="bt()[pri:0, instance:Academy.E2EProject.ValidateDeliveryDate@3efe7086]" started-at="2021-09-25T22:35:33 IST" name="bt" finished-at="2021-09-25T22:35:37 IST" duration-ms="3341" status="PASS">
          <reporter-output>
          </reporter-output>
        </test-method> <!-- bt -->
        <test-method signature="ValidateDeliveryDate()[pri:0, instance:Academy.E2EProject.ValidateDeliveryDate@3efe7086]" started-at="2021-09-25T22:35:37 IST" name="ValidateDeliveryDate" finished-at="2021-09-25T22:35:47 IST" duration-ms="10267" status="PASS">
          <reporter-output>
          </reporter-output>
        </test-method> <!-- ValidateDeliveryDate -->
        <test-method is-config="true" signature="at()[pri:0, instance:Academy.E2EProject.ValidateDeliveryDate@3efe7086]" started-at="2021-09-25T22:35:47 IST" name="at" finished-at="2021-09-25T22:35:48 IST" duration-ms="865" status="PASS">
          <reporter-output>
          </reporter-output>
        </test-method> <!-- at -->
      </class> <!-- Academy.E2EProject.ValidateDeliveryDate -->
    </test> <!-- TestDeliveryDate -->
    <test started-at="2021-09-25T22:35:48 IST" name="TestDropdown" finished-at="2021-09-25T22:35:56 IST" duration-ms="8087">
      <class name="Academy.E2EProject.ValidateDropdown">
        <test-method is-config="true" signature="bt()[pri:0, instance:Academy.E2EProject.ValidateDropdown@7651218e]" started-at="2021-09-25T22:35:48 IST" name="bt" finished-at="2021-09-25T22:35:51 IST" duration-ms="3412" status="PASS">
          <reporter-output>
          </reporter-output>
        </test-method> <!-- bt -->
        <test-method signature="ValidateDropdown()[pri:0, instance:Academy.E2EProject.ValidateDropdown@7651218e]" started-at="2021-09-25T22:35:51 IST" name="ValidateDropdown" finished-at="2021-09-25T22:35:56 IST" duration-ms="4341" status="PASS">
          <reporter-output>
          </reporter-output>
        </test-method> <!-- ValidateDropdown -->
        <test-method is-config="true" signature="at()[pri:0, instance:Academy.E2EProject.ValidateDropdown@7651218e]" started-at="2021-09-25T22:35:56 IST" name="at" finished-at="2021-09-25T22:35:56 IST" duration-ms="326" status="PASS">
          <reporter-output>
          </reporter-output>
        </test-method> <!-- at -->
      </class> <!-- Academy.E2EProject.ValidateDropdown -->
    </test> <!-- TestDropdown -->
    <test started-at="2021-09-25T22:35:56 IST" name="TestOrder" finished-at="2021-09-25T22:36:04 IST" duration-ms="8378">
      <class name="Academy.E2EProject.ValidateOrder">
        <test-method is-config="true" signature="bt()[pri:0, instance:Academy.E2EProject.ValidateOrder@7813cb11]" started-at="2021-09-25T22:35:56 IST" name="bt" finished-at="2021-09-25T22:35:59 IST" duration-ms="3222" status="PASS">
          <reporter-output>
          </reporter-output>
        </test-method> <!-- bt -->
        <test-method signature="ValidateOrderTracking()[pri:0, instance:Academy.E2EProject.ValidateOrder@7813cb11]" started-at="2021-09-25T22:35:59 IST" name="ValidateOrderTracking" finished-at="2021-09-25T22:36:04 IST" duration-ms="4344" status="PASS">
          <reporter-output>
          </reporter-output>
        </test-method> <!-- ValidateOrderTracking -->
        <test-method is-config="true" signature="at()[pri:0, instance:Academy.E2EProject.ValidateOrder@7813cb11]" started-at="2021-09-25T22:36:04 IST" name="at" finished-at="2021-09-25T22:36:04 IST" duration-ms="800" status="PASS">
          <reporter-output>
          </reporter-output>
        </test-method> <!-- at -->
      </class> <!-- Academy.E2EProject.ValidateOrder -->
    </test> <!-- TestOrder -->
    <test started-at="2021-09-25T22:36:04 IST" name="TestSofaSearch" finished-at="2021-09-25T22:36:12 IST" duration-ms="7871">
      <class name="Academy.E2EProject.ValidateSofaSearch">
        <test-method is-config="true" signature="bt()[pri:0, instance:Academy.E2EProject.ValidateSofaSearch@3faf2e7d]" started-at="2021-09-25T22:36:04 IST" name="bt" finished-at="2021-09-25T22:36:08 IST" duration-ms="3271" status="PASS">
          <reporter-output>
          </reporter-output>
        </test-method> <!-- bt -->
        <test-method signature="ValidateSofa()[pri:0, instance:Academy.E2EProject.ValidateSofaSearch@3faf2e7d]" started-at="2021-09-25T22:36:08 IST" name="ValidateSofa" finished-at="2021-09-25T22:36:12 IST" duration-ms="4250" status="PASS">
          <reporter-output>
          </reporter-output>
        </test-method> <!-- ValidateSofa -->
        <test-method is-config="true" signature="at()[pri:0, instance:Academy.E2EProject.ValidateSofaSearch@3faf2e7d]" started-at="2021-09-25T22:36:12 IST" name="at" finished-at="2021-09-25T22:36:12 IST" duration-ms="333" status="PASS">
          <reporter-output>
          </reporter-output>
        </test-method> <!-- at -->
      </class> <!-- Academy.E2EProject.ValidateSofaSearch -->
    </test> <!-- TestSofaSearch -->
    <test started-at="2021-09-25T22:36:12 IST" name="TestSubscription" finished-at="2021-09-25T22:36:24 IST" duration-ms="11681">
      <class name="Academy.E2EProject.ValidateSubscription">
        <test-method is-config="true" signature="bt()[pri:0, instance:Academy.E2EProject.ValidateSubscription@68759011]" started-at="2021-09-25T22:36:12 IST" name="bt" finished-at="2021-09-25T22:36:16 IST" duration-ms="3330" status="PASS">
          <reporter-output>
          </reporter-output>
        </test-method> <!-- bt -->
        <test-method signature="ValidateSubscription()[pri:0, instance:Academy.E2EProject.ValidateSubscription@68759011]" started-at="2021-09-25T22:36:16 IST" name="ValidateSubscription" finished-at="2021-09-25T22:36:20 IST" duration-ms="4209" status="PASS">
          <reporter-output>
          </reporter-output>
        </test-method> <!-- ValidateSubscription -->
        <test-method is-config="true" signature="at()[pri:0, instance:Academy.E2EProject.ValidateSubscription@68759011]" started-at="2021-09-25T22:36:20 IST" name="at" finished-at="2021-09-25T22:36:24 IST" duration-ms="4138" status="PASS">
          <reporter-output>
          </reporter-output>
        </test-method> <!-- at -->
      </class> <!-- Academy.E2EProject.ValidateSubscription -->
    </test> <!-- TestSubscription -->
    <test started-at="2021-09-25T22:36:24 IST" name="TestWarranty" finished-at="2021-09-25T22:36:41 IST" duration-ms="16634">
      <class name="Academy.E2EProject.ValidateWarranty">
        <test-method is-config="true" signature="bt()[pri:0, instance:Academy.E2EProject.ValidateWarranty@43b4fe19]" started-at="2021-09-25T22:36:24 IST" name="bt" finished-at="2021-09-25T22:36:27 IST" duration-ms="3158" status="PASS">
          <reporter-output>
          </reporter-output>
        </test-method> <!-- bt -->
        <test-method signature="ValidateWarranty()[pri:0, instance:Academy.E2EProject.ValidateWarranty@43b4fe19]" started-at="2021-09-25T22:36:27 IST" name="ValidateWarranty" finished-at="2021-09-25T22:36:40 IST" duration-ms="12699" status="PASS">
          <reporter-output>
          </reporter-output>
        </test-method> <!-- ValidateWarranty -->
        <test-method is-config="true" signature="at()[pri:0, instance:Academy.E2EProject.ValidateWarranty@43b4fe19]" started-at="2021-09-25T22:36:40 IST" name="at" finished-at="2021-09-25T22:36:41 IST" duration-ms="773" status="PASS">
          <reporter-output>
          </reporter-output>
        </test-method> <!-- at -->
      </class> <!-- Academy.E2EProject.ValidateWarranty -->
    </test> <!-- TestWarranty -->
    <test started-at="2021-09-25T22:36:41 IST" name="TestTitle" finished-at="2021-09-25T22:36:45 IST" duration-ms="4439">
      <class name="Academy.E2EProject.ValidateTitle">
        <test-method is-config="true" signature="bt()[pri:0, instance:Academy.E2EProject.ValidateTitle@7fcbe147]" started-at="2021-09-25T22:36:41 IST" name="bt" finished-at="2021-09-25T22:36:44 IST" duration-ms="3605" status="PASS">
          <reporter-output>
          </reporter-output>
        </test-method> <!-- bt -->
        <test-method signature="ValidateTitle()[pri:0, instance:Academy.E2EProject.ValidateTitle@7fcbe147]" started-at="2021-09-25T22:36:44 IST" name="ValidateTitle" finished-at="2021-09-25T22:36:44 IST" duration-ms="38" status="PASS">
          <reporter-output>
          </reporter-output>
        </test-method> <!-- ValidateTitle -->
        <test-method is-config="true" signature="at()[pri:0, instance:Academy.E2EProject.ValidateTitle@7fcbe147]" started-at="2021-09-25T22:36:44 IST" name="at" finished-at="2021-09-25T22:36:45 IST" duration-ms="791" status="PASS">
          <reporter-output>
          </reporter-output>
        </test-method> <!-- at -->
      </class> <!-- Academy.E2EProject.ValidateTitle -->
    </test> <!-- TestTitle -->
    <test started-at="2021-09-25T22:36:45 IST" name="TestLogin" finished-at="2021-09-25T22:37:03 IST" duration-ms="18230">
      <class name="Academy.E2EProject.ValidateLogin">
        <test-method is-config="true" signature="bt()[pri:0, instance:Academy.E2EProject.ValidateLogin@3c0fae6c]" started-at="2021-09-25T22:36:45 IST" name="bt" finished-at="2021-09-25T22:36:49 IST" duration-ms="3717" status="PASS">
          <reporter-output>
          </reporter-output>
        </test-method> <!-- bt -->
        <test-method signature="ValidateLogin()[pri:0, instance:Academy.E2EProject.ValidateLogin@3c0fae6c]" started-at="2021-09-25T22:36:49 IST" name="ValidateLogin" finished-at="2021-09-25T22:37:02 IST" duration-ms="13260" status="FAIL">
          <exception class="org.openqa.selenium.ElementNotInteractableException">
            <message>
              <![CDATA[element not interactable
  (Session info: chrome=93.0.4577.82)
Build info: version: '3.141.59', revision: 'e82be7d358', time: '2018-11-14T08:17:03'
System info: host: 'LAB-63761850678', ip: '172.18.23.188', os.name: 'Windows 10', os.arch: 'amd64', os.version: '10.0', java.version: '11.0.11'
Driver info: org.openqa.selenium.chrome.ChromeDriver
Capabilities {acceptInsecureCerts: false, browserName: chrome, browserVersion: 93.0.4577.82, chrome: {chromedriverVersion: 93.0.4577.63 (ff5c0da2ec0ad..., userDataDir: C:\Users\User\AppData\Local...}, goog:chromeOptions: {debuggerAddress: localhost:63557}, javascriptEnabled: true, networkConnectionEnabled: false, pageLoadStrategy: normal, platform: WINDOWS, platformName: WINDOWS, proxy: Proxy(), setWindowRect: true, strictFileInteractability: false, timeouts: {implicit: 0, pageLoad: 300000, script: 30000}, unhandledPromptBehavior: dismiss and notify, webauthn:extension:credBlob: true, webauthn:extension:largeBlob: true, webauthn:virtualAuthenticators: true}
Session ID: 59528952ddcc792a701ee9c153ee3f7a]]>
            </message>
            <full-stacktrace>
              <![CDATA[org.openqa.selenium.ElementNotInteractableException: element not interactable
  (Session info: chrome=93.0.4577.82)
Build info: version: '3.141.59', revision: 'e82be7d358', time: '2018-11-14T08:17:03'
System info: host: 'LAB-63761850678', ip: '172.18.23.188', os.name: 'Windows 10', os.arch: 'amd64', os.version: '10.0', java.version: '11.0.11'
Driver info: org.openqa.selenium.chrome.ChromeDriver
Capabilities {acceptInsecureCerts: false, browserName: chrome, browserVersion: 93.0.4577.82, chrome: {chromedriverVersion: 93.0.4577.63 (ff5c0da2ec0ad..., userDataDir: C:\Users\User\AppData\Local...}, goog:chromeOptions: {debuggerAddress: localhost:63557}, javascriptEnabled: true, networkConnectionEnabled: false, pageLoadStrategy: normal, platform: WINDOWS, platformName: WINDOWS, proxy: Proxy(), setWindowRect: true, strictFileInteractability: false, timeouts: {implicit: 0, pageLoad: 300000, script: 30000}, unhandledPromptBehavior: dismiss and notify, webauthn:extension:credBlob: true, webauthn:extension:largeBlob: true, webauthn:virtualAuthenticators: true}
Session ID: 59528952ddcc792a701ee9c153ee3f7a
at java.base/jdk.internal.reflect.NativeConstructorAccessorImpl.newInstance0(Native Method)
at java.base/jdk.internal.reflect.NativeConstructorAccessorImpl.newInstance(NativeConstructorAccessorImpl.java:62)
at java.base/jdk.internal.reflect.DelegatingConstructorAccessorImpl.newInstance(DelegatingConstructorAccessorImpl.java:45)
at java.base/java.lang.reflect.Constructor.newInstance(Constructor.java:490)
at org.openqa.selenium.remote.http.W3CHttpResponseCodec.createException(W3CHttpResponseCodec.java:187)
at org.openqa.selenium.remote.http.W3CHttpResponseCodec.decode(W3CHttpResponseCodec.java:122)
at org.openqa.selenium.remote.http.W3CHttpResponseCodec.decode(W3CHttpResponseCodec.java:49)
at org.openqa.selenium.remote.HttpCommandExecutor.execute(HttpCommandExecutor.java:158)
at org.openqa.selenium.remote.service.DriverCommandExecutor.execute(DriverCommandExecutor.java:83)
at org.openqa.selenium.remote.RemoteWebDriver.execute(RemoteWebDriver.java:552)
at org.openqa.selenium.remote.RemoteWebElement.execute(RemoteWebElement.java:285)
at org.openqa.selenium.remote.RemoteWebElement.click(RemoteWebElement.java:84)
at Academy.E2EProject.ValidateLogin.ValidateLogin(ValidateLogin.java:33)
at java.base/jdk.internal.reflect.NativeMethodAccessorImpl.invoke0(Native Method)
at java.base/jdk.internal.reflect.NativeMethodAccessorImpl.invoke(NativeMethodAccessorImpl.java:62)
at java.base/jdk.internal.reflect.DelegatingMethodAccessorImpl.invoke(DelegatingMethodAccessorImpl.java:43)
at java.base/java.lang.reflect.Method.invoke(Method.java:566)
at org.testng.internal.MethodInvocationHelper.invokeMethod(MethodInvocationHelper.java:133)
at org.testng.internal.TestInvoker.invokeMethod(TestInvoker.java:598)
at org.testng.internal.TestInvoker.invokeTestMethod(TestInvoker.java:173)
at org.testng.internal.MethodRunner.runInSequence(MethodRunner.java:46)
at org.testng.internal.TestInvoker$MethodInvocationAgent.invoke(TestInvoker.java:824)
at org.testng.internal.TestInvoker.invokeTestMethods(TestInvoker.java:146)
at org.testng.internal.TestMethodWorker.invokeTestMethods(TestMethodWorker.java:146)
at org.testng.internal.TestMethodWorker.run(TestMethodWorker.java:128)
at java.base/java.util.ArrayList.forEach(ArrayList.java:1541)
at org.testng.TestRunner.privateRun(TestRunner.java:794)
at org.testng.TestRunner.run(TestRunner.java:596)
at org.testng.SuiteRunner.runTest(SuiteRunner.java:377)
at org.testng.SuiteRunner.runSequentially(SuiteRunner.java:371)
at org.testng.SuiteRunner.privateRun(SuiteRunner.java:332)
at org.testng.SuiteRunner.run(SuiteRunner.java:276)
at org.testng.SuiteRunnerWorker.runSuite(SuiteRunnerWorker.java:53)
at org.testng.SuiteRunnerWorker.run(SuiteRunnerWorker.java:96)
at org.testng.TestNG.runSuitesSequentially(TestNG.java:1212)
at org.testng.TestNG.runSuitesLocally(TestNG.java:1134)
at org.testng.TestNG.runSuites(TestNG.java:1063)
at org.testng.TestNG.run(TestNG.java:1031)
at org.testng.remote.AbstractRemoteTestNG.run(AbstractRemoteTestNG.java:115)
at org.testng.remote.RemoteTestNG.initAndRun(RemoteTestNG.java:251)
at org.testng.remote.RemoteTestNG.main(RemoteTestNG.java:77)
]]>
            </full-stacktrace>
          </exception> <!-- org.openqa.selenium.ElementNotInteractableException -->
          <reporter-output>
          </reporter-output>
        </test-method> <!-- ValidateLogin -->
        <test-method is-config="true" signature="at()[pri:0, instance:Academy.E2EProject.ValidateLogin@3c0fae6c]" started-at="2021-09-25T22:37:02 IST" name="at" finished-at="2021-09-25T22:37:03 IST" duration-ms="780" status="PASS">
          <reporter-output>
          </reporter-output>
        </test-method> <!-- at -->
      </class> <!-- Academy.E2EProject.ValidateLogin -->
    </test> <!-- TestLogin -->
  </suite> <!-- Suite -->
</testng-results>
