<?xml version="1.0" encoding="UTF-8"?>
<testng-results ignored="0" total="4" passed="4" failed="0" skipped="0">
  <reporter-output>
  </reporter-output>
  <suite started-at="2021-08-24T20:40:45 IST" name="Suite" finished-at="2021-08-24T20:41:00 IST" duration-ms="15103">
    <groups>
    </groups>
    <test started-at="2021-08-24T20:40:45 IST" name="NavTest" finished-at="2021-08-24T20:40:48 IST" duration-ms="3466">
      <class name="Academy.E2EProject.ValidateNav">
        <test-method is-config="true" signature="bt()[pri:0, instance:Academy.E2EProject.ValidateNav@5ba88be8]" started-at="2021-08-24T20:40:45 IST" name="bt" finished-at="2021-08-24T20:40:48 IST" duration-ms="3307" status="PASS">
          <reporter-output>
          </reporter-output>
        </test-method> <!-- bt -->
        <test-method signature="Validate()[pri:0, instance:Academy.E2EProject.ValidateNav@5ba88be8]" started-at="2021-08-24T20:40:48 IST" name="Validate" finished-at="2021-08-24T20:40:48 IST" duration-ms="59" status="PASS">
          <reporter-output>
          </reporter-output>
        </test-method> <!-- Validate -->
        <test-method is-config="true" signature="at()[pri:0, instance:Academy.E2EProject.ValidateNav@5ba88be8]" started-at="2021-08-24T20:40:48 IST" name="at" finished-at="2021-08-24T20:40:48 IST" duration-ms="73" status="PASS">
          <reporter-output>
          </reporter-output>
        </test-method> <!-- at -->
      </class> <!-- Academy.E2EProject.ValidateNav -->
    </test> <!-- NavTest -->
    <test started-at="2021-08-24T20:40:48 IST" name="HomeTest" finished-at="2021-08-24T20:40:57 IST" duration-ms="8346">
      <class name="Academy.E2EProject.HomePage">
        <test-method signature="Validate(java.lang.String,java.lang.String)[pri:0, instance:Academy.E2EProject.HomePage@31c7528f]" started-at="2021-08-24T20:40:48 IST" name="Validate" data-provider="getData" finished-at="2021-08-24T20:40:53 IST" duration-ms="4501" status="PASS">
          <params>
            <param index="0">
              <value>
                <![CDATA[User123]]>
              </value>
            </param>
            <param index="1">
              <value>
                <![CDATA[pass123]]>
              </value>
            </param>
          </params>
          <reporter-output>
          </reporter-output>
        </test-method> <!-- Validate -->
        <test-method signature="Validate(java.lang.String,java.lang.String)[pri:0, instance:Academy.E2EProject.HomePage@31c7528f]" started-at="2021-08-24T20:40:53 IST" name="Validate" data-provider="getData" finished-at="2021-08-24T20:40:57 IST" duration-ms="3838" status="PASS">
          <params>
            <param index="0">
              <value>
                <![CDATA[User456]]>
              </value>
            </param>
            <param index="1">
              <value>
                <![CDATA[Pass456]]>
              </value>
            </param>
          </params>
          <reporter-output>
          </reporter-output>
        </test-method> <!-- Validate -->
      </class> <!-- Academy.E2EProject.HomePage -->
    </test> <!-- HomeTest -->
    <test started-at="2021-08-24T20:40:57 IST" name="TitleTest" finished-at="2021-08-24T20:41:00 IST" duration-ms="3247">
      <class name="Academy.E2EProject.ValidateTitle">
        <test-method is-config="true" signature="bt()[pri:0, instance:Academy.E2EProject.ValidateTitle@38aa816f]" started-at="2021-08-24T20:40:57 IST" name="bt" finished-at="2021-08-24T20:41:00 IST" duration-ms="3162" status="PASS">
          <reporter-output>
          </reporter-output>
        </test-method> <!-- bt -->
        <test-method signature="Validate()[pri:0, instance:Academy.E2EProject.ValidateTitle@38aa816f]" started-at="2021-08-24T20:41:00 IST" name="Validate" finished-at="2021-08-24T20:41:00 IST" duration-ms="29" status="PASS">
          <reporter-output>
          </reporter-output>
        </test-method> <!-- Validate -->
        <test-method is-config="true" signature="at()[pri:0, instance:Academy.E2EProject.ValidateTitle@38aa816f]" started-at="2021-08-24T20:41:00 IST" name="at" finished-at="2021-08-24T20:41:00 IST" duration-ms="56" status="PASS">
          <reporter-output>
          </reporter-output>
        </test-method> <!-- at -->
      </class> <!-- Academy.E2EProject.ValidateTitle -->
    </test> <!-- TitleTest -->
  </suite> <!-- Suite -->
</testng-results>
